Active-HDL 11.1.262.7351 2021-10-18 18:08:22

Elaboration top modules:
Architecture                  structural(MMU)


-------------------------------------------------------------------------------------------
Entity   | Architecture | Library | Info | Compiler Version        | Compilation Options
-------------------------------------------------------------------------------------------
MMU      | structural   | simd    |      | 11.1.262.7351 (Windows) | -dbg -disable87 -2008
IB       | behavioral   | simd    |      | 11.1.262.7351 (Windows) | -dbg -disable87 -2008
IF_ID    | behavioral   | simd    |      | 11.1.262.7351 (Windows) | -dbg -disable87 -2008
FU       | behavioral   | simd    |      | 11.1.262.7351 (Windows) | -dbg -disable87 -2008
RF       | behavioral   | simd    |      | 11.1.262.7351 (Windows) | -dbg -disable87 -2008
ID_EX    | behavioral   | simd    |      | 11.1.262.7351 (Windows) | -dbg -disable87 -2008
ALU      | behavioral   | simd    |      | 11.1.262.7351 (Windows) | -dbg -disable87 -2008
EX_WB    | behavioral   | simd    |      | 11.1.262.7351 (Windows) | -dbg -disable87 -2008
-------------------------------------------------------------------------------------------

-------------------------------------------------------------------------------------------
VHDL Package            | Library | Info | Compiler Version        | Compilation Options
-------------------------------------------------------------------------------------------
standard                | std     |      |                         | <unavailable>
TEXTIO                  | std     |      |                         | <unavailable>
std_logic_1164          | ieee    |      |                         | <unavailable>
data_types              | simd    |      |                         | <unavailable>
NUMERIC_STD             | ieee    |      |                         | <unavailable>
std_logic_arith         | ieee    |      |                         | <unavailable>
STD_LOGIC_UNSIGNED      | ieee    |      |                         | <unavailable>
ALU_functions           | simd    |      |                         | <unavailable>
-------------------------------------------------------------------------------------------

-------------------------------------------------------------------------------------------
Library                 | Comment
-------------------------------------------------------------------------------------------
ieee                    | Standard IEEE packages library
simd                    | None
std                     | Standard VHDL library
-------------------------------------------------------------------------------------------
